<?xml version="1.0" encoding="UTF-8"?>
<!-- Generated by org.testng.reporters.JUnitXMLReporter -->
<testsuite hostname="Mahesh" name="myTest" tests="4" failures="0" timestamp="1 Feb 2021 02:45:29 GMT" time="36.976" errors="0">
  <testcase name="addEmp" time="30.262" classname="myPack.Srini"/>
  <testcase name="deleteEmp" time="0.001" classname="myPack.Srini"/>
  <testcase name="editEmp" time="0.0" classname="myPack.Srini"/>
  <testcase name="verifyLogin" time="6.698" classname="myPack.Srini"/>
</testsuite> <!-- myTest -->
